<?xml version="1.0" encoding="utf-8"?><testsuites name="pytest tests"><testsuite name="pytest" errors="0" failures="1" skipped="0" tests="34" time="23.073" timestamp="2026-04-25T11:16:01.545008+00:00" hostname="agent-env-3c9d4493-5edb-4d9b-b252-00eee97ae9ef"><testcase classname="backend.tests.test_lifecue_backend.TestHealth" name="test_health" time="0.234" /><testcase classname="backend.tests.test_lifecue_backend.TestAuth" name="test_register_and_token" time="0.527" /><testcase classname="backend.tests.test_lifecue_backend.TestAuth" name="test_register_duplicate_email" time="0.438" /><testcase classname="backend.tests.test_lifecue_backend.TestAuth" name="test_admin_login" time="0.337"><failure message="AssertionError: assert 'monthly' == 'yearly'&#10;  &#10;  - yearly&#10;  + monthly">backend/tests/test_lifecue_backend.py:82: in test_admin_login
    assert d["user"]["plan"] == "yearly"
E   AssertionError: assert 'monthly' == 'yearly'
E     
E     - yearly
E     + monthly</failure></testcase><testcase classname="backend.tests.test_lifecue_backend.TestAuth" name="test_login_invalid" time="0.334" /><testcase classname="backend.tests.test_lifecue_backend.TestAuth" name="test_me_via_bearer" time="0.041" /><testcase classname="backend.tests.test_lifecue_backend.TestAuth" name="test_me_via_cookie" time="0.376" /><testcase classname="backend.tests.test_lifecue_backend.TestAuth" name="test_me_unauth" time="0.101" /><testcase classname="backend.tests.test_lifecue_backend.TestAuth" name="test_logout_clears_cookie" time="0.469" /><testcase classname="backend.tests.test_lifecue_backend.TestAuth" name="test_google_session_invalid" time="0.233" /><testcase classname="backend.tests.test_lifecue_backend.TestOnboarding" name="test_onboarding" time="0.088" /><testcase classname="backend.tests.test_lifecue_backend.TestOnboarding" name="test_settings_patch" time="0.044" /><testcase classname="backend.tests.test_lifecue_backend.TestHabits" name="test_catalog" time="0.136" /><testcase classname="backend.tests.test_lifecue_backend.TestHabits" name="test_today_and_toggle" time="0.187" /><testcase classname="backend.tests.test_lifecue_backend.TestWater" name="test_water_log_and_today" time="0.132" /><testcase classname="backend.tests.test_lifecue_backend.TestReminders" name="test_reminders_today" time="0.046" /><testcase classname="backend.tests.test_lifecue_backend.TestReminders" name="test_reminders_action_done_marks_habit" time="0.227" /><testcase classname="backend.tests.test_lifecue_backend.TestCoach" name="test_coach_quick_chat" time="2.311" /><testcase classname="backend.tests.test_lifecue_backend.TestCoach" name="test_coach_daily_chat" time="3.428" /><testcase classname="backend.tests.test_lifecue_backend.TestCoach" name="test_coach_deep_chat" time="9.653" /><testcase classname="backend.tests.test_lifecue_backend.TestCoach" name="test_coach_history" time="0.046" /><testcase classname="backend.tests.test_lifecue_backend.TestBilling" name="test_plans" time="0.137" /><testcase classname="backend.tests.test_lifecue_backend.TestBilling" name="test_order_creates_real_razorpay_order" time="0.891" /><testcase classname="backend.tests.test_lifecue_backend.TestBilling" name="test_verify_rejects_forged_signature_for_real_order" time="0.366" /><testcase classname="backend.tests.test_lifecue_backend.TestBilling" name="test_verify_rejects_mock_order_id_in_production" time="0.043" /><testcase classname="backend.tests.test_lifecue_backend.TestBilling" name="test_webhook_no_secret_returns_ignored" time="0.110" /><testcase classname="backend.tests.test_lifecue_backend.TestPush" name="test_push_register_requires_auth" time="0.103" /><testcase classname="backend.tests.test_lifecue_backend.TestPush" name="test_push_register_rejects_short_token" time="0.045" /><testcase classname="backend.tests.test_lifecue_backend.TestPush" name="test_push_register_and_user_flag" time="0.094" /><testcase classname="backend.tests.test_lifecue_backend.TestPush" name="test_push_test_with_no_devices" time="0.430" /><testcase classname="backend.tests.test_lifecue_backend.TestPush" name="test_push_test_with_fake_token_returns_failed" time="0.738" /><testcase classname="backend.tests.test_lifecue_backend.TestPush" name="test_push_unregister" time="0.084" /><testcase classname="backend.tests.test_lifecue_backend.TestPrivacy" name="test_export" time="0.045" /><testcase classname="backend.tests.test_lifecue_backend.TestPrivacy" name="test_delete_account_isolated" time="0.462" /></testsuite></testsuites>