<?xml version="1.0" encoding="utf-8"?><testsuites name="pytest tests"><testsuite name="pytest" errors="0" failures="0" skipped="0" tests="25" time="20.655" timestamp="2026-04-25T09:11:11.017149+00:00" hostname="agent-env-3c9d4493-5edb-4d9b-b252-00eee97ae9ef"><testcase classname="backend.tests.test_lifecue_backend.TestHealth" name="test_health" time="0.264" /><testcase classname="backend.tests.test_lifecue_backend.TestAuth" name="test_register_and_token" time="0.449" /><testcase classname="backend.tests.test_lifecue_backend.TestAuth" name="test_register_duplicate_email" time="0.457" /><testcase classname="backend.tests.test_lifecue_backend.TestAuth" name="test_admin_login" time="0.319" /><testcase classname="backend.tests.test_lifecue_backend.TestAuth" name="test_login_invalid" time="0.321" /><testcase classname="backend.tests.test_lifecue_backend.TestAuth" name="test_me_via_bearer" time="0.045" /><testcase classname="backend.tests.test_lifecue_backend.TestAuth" name="test_me_via_cookie" time="0.371" /><testcase classname="backend.tests.test_lifecue_backend.TestAuth" name="test_me_unauth" time="0.121" /><testcase classname="backend.tests.test_lifecue_backend.TestAuth" name="test_logout_clears_cookie" time="0.461" /><testcase classname="backend.tests.test_lifecue_backend.TestAuth" name="test_google_session_invalid" time="0.213" /><testcase classname="backend.tests.test_lifecue_backend.TestOnboarding" name="test_onboarding" time="0.092" /><testcase classname="backend.tests.test_lifecue_backend.TestOnboarding" name="test_settings_patch" time="0.045" /><testcase classname="backend.tests.test_lifecue_backend.TestHabits" name="test_catalog" time="0.094" /><testcase classname="backend.tests.test_lifecue_backend.TestHabits" name="test_today_and_toggle" time="0.185" /><testcase classname="backend.tests.test_lifecue_backend.TestWater" name="test_water_log_and_today" time="0.137" /><testcase classname="backend.tests.test_lifecue_backend.TestReminders" name="test_reminders_today" time="0.045" /><testcase classname="backend.tests.test_lifecue_backend.TestReminders" name="test_reminders_action_done_marks_habit" time="0.243" /><testcase classname="backend.tests.test_lifecue_backend.TestCoach" name="test_coach_quick_chat" time="2.044" /><testcase classname="backend.tests.test_lifecue_backend.TestCoach" name="test_coach_daily_chat" time="5.816" /><testcase classname="backend.tests.test_lifecue_backend.TestCoach" name="test_coach_deep_chat" time="8.033" /><testcase classname="backend.tests.test_lifecue_backend.TestCoach" name="test_coach_history" time="0.047" /><testcase classname="backend.tests.test_lifecue_backend.TestBilling" name="test_plans" time="0.118" /><testcase classname="backend.tests.test_lifecue_backend.TestBilling" name="test_order_and_verify_mock_upgrades_user" time="0.102" /><testcase classname="backend.tests.test_lifecue_backend.TestPrivacy" name="test_export" time="0.052" /><testcase classname="backend.tests.test_lifecue_backend.TestPrivacy" name="test_delete_account_isolated" time="0.475" /></testsuite></testsuites>